<?xml version="1.0" encoding="UTF-8"?>
<testng-results ignored="0" total="1" passed="1" failed="0" skipped="0">
  <reporter-output>
  </reporter-output>
  <suite started-at="2024-11-23T23:31:15 IST" name="Default suite" finished-at="2024-11-23T23:31:46 IST" duration-ms="30758">
    <groups>
    </groups>
    <test started-at="2024-11-23T23:31:15 IST" name="Default test" finished-at="2024-11-23T23:31:46 IST" duration-ms="30758">
      <class name="AppiumBasics">
        <test-method is-config="true" signature="configuration()[pri:0, instance:AppiumBasics@55b699ef]" started-at="2024-11-23T23:31:15 IST" name="configuration" finished-at="2024-11-23T23:31:32 IST" duration-ms="16870" status="PASS">
          <reporter-output>
          </reporter-output>
        </test-method> <!-- configuration -->
        <test-method signature="AppiumTest()[pri:0, instance:AppiumBasics@55b699ef]" started-at="2024-11-23T23:31:32 IST" name="AppiumTest" finished-at="2024-11-23T23:31:44 IST" duration-ms="12145" status="PASS">
          <reporter-output>
          </reporter-output>
        </test-method> <!-- AppiumTest -->
        <test-method is-config="true" signature="deallocation()[pri:0, instance:AppiumBasics@55b699ef]" started-at="2024-11-23T23:31:44 IST" name="deallocation" finished-at="2024-11-23T23:31:46 IST" duration-ms="1364" status="PASS">
          <reporter-output>
          </reporter-output>
        </test-method> <!-- deallocation -->
      </class> <!-- AppiumBasics -->
    </test> <!-- Default test -->
  </suite> <!-- Default suite -->
</testng-results>
